" =============================================================================
"       FileName: vimrc_PublicEnv
"           Desc: vimrc for public environment (Copy this rc file to ~/Marslo/.vimrc)
"         Author: Marslo
"          Email: li.jiao@tieto.com
"        Created: 2013-10-16 07:19:00
"        Version: 0.0.7
"     LastChange: 2014-01-18 01:59:55
"        History:
"                 0.0.1 | Marslo | init
"                 0.0.4 | Marslo | Add Vim Bundle
"                 0.0.5 | Marslo | Add GetVundle() and GetVim() and the configuration of WinManager
"                 0.0.6 | Marslo | Change repositoy woainvzu to Marslo
"                 0.0.7 | Marslo | Delete redundancy configures
" =============================================================================

" =============================================================================
"      FileName: vimrc
"        Author: Marslo
"         Email: marslo.jiao@gmail.com
"       Created: 2010-10
"       Version: 0.0.19
"    LastChange: 2014-01-18 05:01:22
"       History:
"                0.0.3 | Marslo | Add the Autoload and Fast Edit difference between win32 and non-win32
"                0.0.4 | Marslo | Add CheckRubySyntax() function for checking and run ruby script
"                0.0.5 | Marslo | Add the function of highlight txt file
"                Add the function of Automatic paire signs (), [], {}, '', etc
"                0.0.6 | Marslo | Add bundle plugin for manager plugins automatic
"                0.0.7 | Marslo | Add pyflakes plugin for python syntax checking
"                0.0.8 | Marslo | Remap the shortcut key: Ctrl-A/Ctrl-E/F1
"                0.0.9 | Marslo | Add the function about remove a paird parentheses, brackets, braces
"                0.0.10 | Marslo | Add the configuration about rainbow_parentheses
"                0.0.11 | Marslo | Add three bundles: woainvzu/EnhCommentify.vim && woainvzu/Marslo.vim && tpope/vim-rails
"                0.0.12 | Marslo | Add function GetVundle() to get vundle automaticly
"                0.0.13 | Marslo | Add Alpha setting for vim tweak
"                0.0.14 | Marslo | Change woainvu repos to Marslo
"                0.0.15 | Marslo | Add Remember curosr position function
"                0.0.16 | Marslo | Modification for startup faster
"                0.0.17 | Marslo | Remove autopairs functions. Replaced by auto-pairs
"                0.0.18 | Marslo | Delete redundancy configures from Windows vimrc
"                0.0.19 | Marslo | Merge Linux configus and Windows. There are only one vimrc from now on.
" =============================================================================
